<?xml version="1.0" encoding="UTF-8"?>
<testsuites>
  <testsuite name="My Login application" timestamp="2022-07-15T21:24:00" time="6.993" tests="1" failures="0" errors="0" skipped="0">
    <properties>
      <property name="specId" value="0"/>
      <property name="suiteName" value="My Login application"/>
      <property name="capabilities" value="chrome.103_0_5060_114.windows"/>
      <property name="file" value="./test/specs/example.e2e.js"/>
    </properties>
    <testcase classname="chrome.103_0_5060_114.windows.My_Login_application" name="should login with valid credentials" time="6.992">
      <system-out><![CDATA[
COMMAND: POST /session/36c3707891ccc9465bd49b35b19a9429991cf8bc/url - {"url":"https://the-internet.herokuapp.com/login"}
RESULT: {"url":"https://the-internet.herokuapp.com/login"}
COMMAND: POST /session/36c3707891ccc9465bd49b35b19a9429991cf8bc/element - {"using":"css selector","value":"#username"}
RESULT: {"using":"css selector","value":"#username"}
COMMAND: POST /session/36c3707891ccc9465bd49b35b19a9429991cf8bc/element/dd18ba80-56fd-4baa-9fb8-ba87beb1c3cb/clear - {}
RESULT: {}
COMMAND: POST /session/36c3707891ccc9465bd49b35b19a9429991cf8bc/element/dd18ba80-56fd-4baa-9fb8-ba87beb1c3cb/value - {"text":"tomsmith"}
RESULT: {"text":"tomsmith"}
COMMAND: POST /session/36c3707891ccc9465bd49b35b19a9429991cf8bc/element - {"using":"css selector","value":"#password"}
RESULT: {"using":"css selector","value":"#password"}
COMMAND: POST /session/36c3707891ccc9465bd49b35b19a9429991cf8bc/element/d338659b-1515-432a-99ab-7ea1fc7621d7/clear - {}
RESULT: {}
COMMAND: POST /session/36c3707891ccc9465bd49b35b19a9429991cf8bc/element/d338659b-1515-432a-99ab-7ea1fc7621d7/value - {"text":"SuperSecretPassword!"}
RESULT: {"text":"SuperSecretPassword!"}
COMMAND: POST /session/36c3707891ccc9465bd49b35b19a9429991cf8bc/element - {"using":"css selector","value":"button[type=\"submit\"]"}
RESULT: {"using":"css selector","value":"button[type=\"submit\"]"}
COMMAND: POST /session/36c3707891ccc9465bd49b35b19a9429991cf8bc/element/4a342189-1bcc-40ff-80cb-9966bd5b91ef/click - {}
RESULT: {}
COMMAND: POST /session/36c3707891ccc9465bd49b35b19a9429991cf8bc/element - {"using":"css selector","value":"#flash"}
RESULT: {"using":"css selector","value":"#flash"}
COMMAND: POST /session/36c3707891ccc9465bd49b35b19a9429991cf8bc/elements - {"using":"css selector","value":"#flash"}
RESULT: {"using":"css selector","value":"#flash"}
COMMAND: POST /session/36c3707891ccc9465bd49b35b19a9429991cf8bc/element - {"using":"css selector","value":"#flash"}
RESULT: {"using":"css selector","value":"#flash"}
COMMAND: GET /session/36c3707891ccc9465bd49b35b19a9429991cf8bc/element/b9e00cc7-bc42-4380-a904-f6785a3ee2bc/text - {}
RESULT: {}
COMMAND: DELETE /session/36c3707891ccc9465bd49b35b19a9429991cf8bc - {}
RESULT: {}
]]></system-out>
    </testcase>
  </testsuite>
</testsuites>