<?xml version="1.0" encoding="UTF-8"?>
<testsuites>
  <testsuite name="My Login application" timestamp="2022-07-15T22:09:22" time="7.022" tests="1" failures="0" errors="0" skipped="0">
    <properties>
      <property name="specId" value="0"/>
      <property name="suiteName" value="My Login application"/>
      <property name="capabilities" value="chrome.103_0_5060_114.windows"/>
      <property name="file" value="./test/specs/example.e2e.js"/>
    </properties>
    <testcase classname="chrome.103_0_5060_114.windows.My_Login_application" name="should login with valid credentials" time="7.019">
      <system-out><![CDATA[
COMMAND: POST /session/c42071b2c279f3b97ff1baa30bc7d0d4f37ac076/url - {"url":"https://the-internet.herokuapp.com/login"}
RESULT: {"url":"https://the-internet.herokuapp.com/login"}
COMMAND: POST /session/c42071b2c279f3b97ff1baa30bc7d0d4f37ac076/element - {"using":"css selector","value":"#username"}
RESULT: {"using":"css selector","value":"#username"}
COMMAND: POST /session/c42071b2c279f3b97ff1baa30bc7d0d4f37ac076/element/b5119cea-153b-4eff-804a-0bbf2f1f1651/clear - {}
RESULT: {}
COMMAND: POST /session/c42071b2c279f3b97ff1baa30bc7d0d4f37ac076/element/b5119cea-153b-4eff-804a-0bbf2f1f1651/value - {"text":"tomsmith"}
RESULT: {"text":"tomsmith"}
COMMAND: POST /session/c42071b2c279f3b97ff1baa30bc7d0d4f37ac076/element - {"using":"css selector","value":"#password"}
RESULT: {"using":"css selector","value":"#password"}
COMMAND: POST /session/c42071b2c279f3b97ff1baa30bc7d0d4f37ac076/element/92d523cf-aa86-45da-9ce9-a5bbfcd49a26/clear - {}
RESULT: {}
COMMAND: POST /session/c42071b2c279f3b97ff1baa30bc7d0d4f37ac076/element/92d523cf-aa86-45da-9ce9-a5bbfcd49a26/value - {"text":"SuperSecretPassword!"}
RESULT: {"text":"SuperSecretPassword!"}
COMMAND: POST /session/c42071b2c279f3b97ff1baa30bc7d0d4f37ac076/element - {"using":"css selector","value":"button[type=\"submit\"]"}
RESULT: {"using":"css selector","value":"button[type=\"submit\"]"}
COMMAND: POST /session/c42071b2c279f3b97ff1baa30bc7d0d4f37ac076/element/06cab473-a9bb-4527-a9c5-f8ffe97ef701/click - {}
RESULT: {}
COMMAND: POST /session/c42071b2c279f3b97ff1baa30bc7d0d4f37ac076/element - {"using":"css selector","value":"#flash"}
RESULT: {"using":"css selector","value":"#flash"}
COMMAND: POST /session/c42071b2c279f3b97ff1baa30bc7d0d4f37ac076/elements - {"using":"css selector","value":"#flash"}
RESULT: {"using":"css selector","value":"#flash"}
COMMAND: POST /session/c42071b2c279f3b97ff1baa30bc7d0d4f37ac076/element - {"using":"css selector","value":"#flash"}
RESULT: {"using":"css selector","value":"#flash"}
COMMAND: GET /session/c42071b2c279f3b97ff1baa30bc7d0d4f37ac076/element/f611c00c-7cfc-4107-a3a9-2fa76583101e/text - {}
RESULT: {}
COMMAND: DELETE /session/c42071b2c279f3b97ff1baa30bc7d0d4f37ac076 - {}
RESULT: {}
]]></system-out>
    </testcase>
  </testsuite>
</testsuites>